{"level":"info","message":"Listando todos os produtos","timestamp":"2025-11-30T21:29:52.854Z"}
{"level":"warn","message":"Produto não encontrado: ID 32","timestamp":"2025-11-30T21:52:17.742Z"}
{"level":"info","message":"Listando todos os produtos","timestamp":"2025-11-30T22:03:49.640Z"}
{"level":"info","message":"Listando todos os produtos","timestamp":"2025-11-30T22:03:58.933Z"}
{"level":"warn","message":"Produto não encontrado: ID 7","timestamp":"2025-11-30T22:04:18.096Z"}
{"level":"warn","message":"Tentativa de atualizar produto inexistente: ID 7","timestamp":"2025-11-30T22:05:18.790Z"}
{"level":"warn","message":"Produto não encontrado: ID 7","timestamp":"2025-11-30T22:08:42.677Z"}
{"level":"warn","message":"Tentativa de atualizar produto inexistente: ID 7","timestamp":"2025-11-30T22:08:52.539Z"}
{"level":"warn","message":"Produto sem nome","timestamp":"2025-11-30T22:11:31.591Z"}
{"level":"info","message":"Produto criado: {\"id\":4,\"nome\":\"Cadeira Gamer\"}","timestamp":"2025-11-30T22:11:43.238Z"}
{"level":"info","message":"Listando todos os produtos","timestamp":"2025-11-30T22:12:18.105Z"}
{"level":"info","message":"Produto atualizado: {\"id\":4,\"nome\":\"Cadeira Gamer\"}","timestamp":"2025-11-30T22:16:30.275Z"}
{"level":"info","message":"Listando todos os produtos","timestamp":"2025-11-30T22:16:36.872Z"}
{"level":"info","message":"Listando todos os produtos","timestamp":"2025-12-02T00:08:47.352Z"}
{"level":"info","message":"Listando todos os produtos","timestamp":"2025-12-02T00:08:47.526Z"}
{"level":"info","message":"Listando todos os produtos","timestamp":"2025-12-02T00:08:47.567Z"}
{"level":"info","message":"Listando todos os produtos","timestamp":"2025-12-02T00:08:47.608Z"}
{"level":"info","message":"Listando todos os produtos","timestamp":"2025-12-02T00:08:47.645Z"}
{"level":"info","message":"Listando todos os produtos","timestamp":"2025-12-02T00:08:47.682Z"}
{"level":"info","message":"Listando todos os produtos","timestamp":"2025-12-02T00:08:47.720Z"}
{"level":"info","message":"Listando todos os produtos","timestamp":"2025-12-02T00:08:47.757Z"}
{"level":"info","message":"Listando todos os produtos","timestamp":"2025-12-02T00:08:47.794Z"}
{"level":"info","message":"Listando todos os produtos","timestamp":"2025-12-02T00:08:47.838Z"}
{"level":"info","message":"Listando todos os produtos","timestamp":"2025-12-02T00:08:47.874Z"}
{"level":"info","message":"Listando todos os produtos","timestamp":"2025-12-02T00:08:47.913Z"}
{"level":"info","message":"Listando todos os produtos","timestamp":"2025-12-02T00:08:47.950Z"}
{"level":"info","message":"Listando todos os produtos","timestamp":"2025-12-02T00:08:47.986Z"}
{"level":"info","message":"Listando todos os produtos","timestamp":"2025-12-02T00:08:48.031Z"}
{"level":"info","message":"Listando todos os produtos","timestamp":"2025-12-02T00:08:48.067Z"}
{"level":"info","message":"Listando todos os produtos","timestamp":"2025-12-02T00:08:48.104Z"}
{"level":"info","message":"Listando todos os produtos","timestamp":"2025-12-02T00:08:48.141Z"}
{"level":"info","message":"Listando todos os produtos","timestamp":"2025-12-02T00:08:48.179Z"}
{"level":"info","message":"Listando todos os produtos","timestamp":"2025-12-02T00:08:48.217Z"}
{"level":"info","message":"Listando todos os produtos","timestamp":"2025-12-02T22:28:31.651Z"}
{"level":"info","message":"Produto deletado: {\"id\":1,\"nome\":\"Notebook\"}","timestamp":"2025-12-02T22:31:24.270Z"}
{"level":"warn","message":"Produto sem nome","timestamp":"2025-12-02T22:31:42.260Z"}
{"level":"info","message":"Listando todos os produtos","timestamp":"2025-12-02T22:31:45.658Z"}
{"level":"warn","message":"Tentativa de atualizar produto inexistente: ID 1","timestamp":"2025-12-02T22:32:09.426Z"}
{"level":"warn","message":"Produto sem nome","timestamp":"2025-12-02T22:32:30.449Z"}
{"level":"info","message":"Produto criado: {\"id\":3,\"nome\":\"Cadeira Gamer\"}","timestamp":"2025-12-02T22:34:13.963Z"}
{"level":"info","message":"Listando todos os produtos","timestamp":"2025-12-02T22:34:17.212Z"}
{"level":"info","message":"Servidor iniciado...","timestamp":"2025-12-10T21:21:55.932Z"}
{"level":"error","message":"Erro no servidor...","timestamp":"2025-12-10T21:21:55.933Z"}
{"level":"info","message":"GET /products/","timestamp":"2025-12-10T21:22:08.808Z"}
{"level":"info","message":"GET /favicon.ico","timestamp":"2025-12-10T21:22:08.848Z"}
{"level":"info","message":"GET /products/1","timestamp":"2025-12-10T21:47:13.301Z"}
{"level":"info","message":"GET /products/1","timestamp":"2025-12-10T21:47:16.670Z"}
{"level":"info","message":"GET /products/1","timestamp":"2025-12-10T21:47:22.867Z"}
{"level":"info","message":"GET /products/","timestamp":"2025-12-10T21:47:29.914Z"}
{"level":"info","message":"GET /products","timestamp":"2025-12-10T21:47:44.411Z"}
{"level":"info","message":"GET /products/1","timestamp":"2025-12-10T21:48:24.622Z"}
{"level":"info","message":"GET /users/login","timestamp":"2025-12-10T21:49:26.722Z"}
{"level":"info","message":"GET /products/","timestamp":"2025-12-10T21:49:58.720Z"}
{"level":"info","message":"GET /products/","timestamp":"2025-12-10T21:50:07.482Z"}
{"level":"info","message":"GET /products","timestamp":"2025-12-10T21:50:10.970Z"}
{"level":"info","message":"GET /products","timestamp":"2025-12-10T21:52:02.615Z"}
{"level":"info","message":"GET /products","timestamp":"2025-12-10T21:52:04.803Z"}
{"level":"info","message":"GET /products/4","timestamp":"2025-12-10T21:53:15.167Z"}
{"level":"info","message":"GET /products","timestamp":"2025-12-10T21:53:20.331Z"}
{"level":"info","message":"GET /products","timestamp":"2025-12-10T21:53:21.161Z"}
{"level":"info","message":"GET /products","timestamp":"2025-12-10T21:53:21.642Z"}
{"level":"info","message":"GET /products","timestamp":"2025-12-10T21:53:21.842Z"}
{"level":"info","message":"GET /products","timestamp":"2025-12-10T21:53:22.019Z"}
{"level":"info","message":"GET /products","timestamp":"2025-12-10T21:53:22.196Z"}
{"level":"info","message":"GET /products/4","timestamp":"2025-12-10T21:53:47.973Z"}
{"level":"info","message":"GET /products/4","timestamp":"2025-12-10T21:54:02.474Z"}
{"level":"info","message":"GET /products","timestamp":"2025-12-10T21:54:10.579Z"}
{"level":"info","message":"GET /products/4","timestamp":"2025-12-10T21:55:27.391Z"}
{"level":"info","message":"GET /products/","timestamp":"2025-12-10T22:03:01.000Z"}
{"level":"info","message":"GET /products/","timestamp":"2025-12-10T22:03:10.153Z"}
